<?xml version="1.0" encoding="UTF-8"?>
<!-- Generated by org.testng.reporters.JUnitReportReporter -->
<testsuite hostname="LAPTOP-IL8SBD7O" failures="0" tests="1" name="DataDrivenTesting.ReadDataFromTestngXmlTest" time="0.016" errors="0" timestamp="2024-04-19T22:55:23 PDT" skipped="0">
  <testcase classname="DataDrivenTesting.ReadDataFromTestngXmlTest" name="sampleTest" time="0.016"/>
</testsuite> <!-- DataDrivenTesting.ReadDataFromTestngXmlTest -->
