<?xml version="1.0" encoding="UTF-8"?>
<!-- Generated by org.testng.reporters.JUnitReportReporter -->
<testsuite hostname="LAPTOP-IL8SBD7O" failures="0" tests="1" name="practice.SampleTakeScreenShot" time="7.398" errors="0" timestamp="2024-05-06T04:39:40 PDT" skipped="0">
  <testcase classname="practice.SampleTakeScreenShot" name="amazonTest" time="7.398"/>
</testsuite> <!-- practice.SampleTakeScreenShot -->
