<?xml version="1.0" encoding="UTF-8"?>
<!-- Generated by org.testng.reporters.JUnitReportReporter -->
<testsuite hostname="LAPTOP-IL8SBD7O" failures="0" tests="2" name="practice.homepage.HomePageSampleTest" time="0.015" errors="0" timestamp="2024-05-06T04:38:20 PDT" skipped="0">
  <testcase classname="practice.homepage.HomePageSampleTest" name="verifyLogoHomePage" time="0.001">
    <system-out>
      <![CDATA[step-1
step-2
step-3
step-4]]>
    </system-out>
  </testcase> <!-- verifyLogoHomePage -->
  <testcase classname="practice.homepage.HomePageSampleTest" name="homePageTest" time="0.014">
    <system-out>
      <![CDATA[step-1
step-2
step-3
step-4]]>
    </system-out>
  </testcase> <!-- homePageTest -->
  <system-out>
    <![CDATA[step-1
step-2
step-3
step-4
step-1
step-2
step-3
step-4]]>
  </system-out>
</testsuite> <!-- practice.homepage.HomePageSampleTest -->
