<?xml version="1.0" encoding="UTF-8"?>
<!-- Generated by org.testng.reporters.JUnitReportReporter -->
<testsuite hostname="LAPTOP-IL8SBD7O" failures="0" tests="1" name="DataDrivenTesting.SampleUnitTestCheckProjectBackend" time="0.255" errors="0" timestamp="2024-04-22T00:10:34 PDT" skipped="0">
  <testcase classname="DataDrivenTesting.SampleUnitTestCheckProjectBackend" name="projectCheckTest" time="0.255"/>
</testsuite> <!-- DataDrivenTesting.SampleUnitTestCheckProjectBackend -->
