<?xml version="1.0" encoding="UTF-8"?>
<!-- Generated by org.testng.reporters.JUnitReportReporter -->
<testsuite hostname="LAPTOP-IL8SBD7O" failures="0" tests="1" name="practice.homepage.HomePageVerification" time="8.152" errors="0" timestamp="2024-05-05T23:03:00 PDT" skipped="0">
  <testcase classname="practice.homepage.HomePageVerification" name="homePageTest" time="8.152"/>
</testsuite> <!-- practice.homepage.HomePageVerification -->
