<?xml version="1.0" encoding="UTF-8"?>
<!-- Generated by org.testng.reporters.JUnitReportReporter -->
<testsuite hostname="LAPTOP-IL8SBD7O" failures="0" tests="1" name="DataDrivenTesting.ReadRunTimeMavenParameterTest" time="0.011" errors="0" timestamp="2024-04-19T23:40:07 PDT" skipped="0">
  <testcase classname="DataDrivenTesting.ReadRunTimeMavenParameterTest" name="runTimeParameterTest" time="0.011"/>
</testsuite> <!-- DataDrivenTesting.ReadRunTimeMavenParameterTest -->
